[2014-03-30 14:42:26] INFO  WEBrick 1.3.1
[2014-03-30 14:42:26] INFO  ruby 2.0.0 (2014-02-24) [x86_64-darwin13.0.2]
[2014-03-30 14:42:26] INFO  WEBrick::HTTPServer#start: pid=18902 port=3000
[2014-04-01 09:58:37] INFO  going to shutdown ...
=> Booting WEBrick
=> Rails 4.0.2 application starting in development on http://0.0.0.0:3000
=> Run `rails server -h` for more startup options
=> Ctrl-C to shutdown server


Started GET "/users/login" for 127.0.0.1 at 2014-03-30 14:42:47 -0400
  [1m[36mActiveRecord::SchemaMigration Load (0.1ms)[0m  [1mSELECT "schema_migrations".* FROM "schema_migrations"[0m
Processing by UsersController#login as HTML
  Parameters: {"login"=>"Hi", "password"=>"[FILTERED]"}
  [1m[35mUser Load (0.1ms)[0m  SELECT "users".* FROM "users" WHERE "users"."login" = 'Hi' AND "users"."password" = 'There' ORDER BY "users"."id" ASC LIMIT 1
Completed 200 OK in 17ms (Views: 0.1ms | ActiveRecord: 0.3ms)


Started GET "/users/login" for 127.0.0.1 at 2014-03-30 14:43:14 -0400
Processing by UsersController#login as HTML
  Parameters: {"login"=>"Hi", "password"=>"[FILTERED]"}
  [1m[36mUser Load (0.1ms)[0m  [1mSELECT "users".* FROM "users" WHERE "users"."login" = 'Hi' AND "users"."password" = 'There' ORDER BY "users"."id" ASC LIMIT 1[0m
Completed 200 OK in 1ms (Views: 0.1ms | ActiveRecord: 0.1ms)


Started GET "/users/login" for 127.0.0.1 at 2014-03-30 14:43:59 -0400
Processing by UsersController#login as HTML
  Parameters: {"login"=>"Hi", "password"=>"[FILTERED]"}
  [1m[35mUser Load (0.1ms)[0m  SELECT "users".* FROM "users" WHERE "users"."login" = 'Hi' AND "users"."password" = 'There' ORDER BY "users"."id" ASC LIMIT 1
Completed 200 OK in 1ms (Views: 0.0ms | ActiveRecord: 0.1ms)


Started GET "/users/login" for 127.0.0.1 at 2014-03-30 14:44:54 -0400
Processing by UsersController#login as HTML
  Parameters: {"login"=>"Hi", "password"=>"[FILTERED]"}
  [1m[36mUser Load (0.1ms)[0m  [1mSELECT "users".* FROM "users" WHERE "users"."login" = 'Hi' AND "users"."password" = 'There' ORDER BY "users"."id" ASC LIMIT 1[0m
Completed 200 OK in 1ms (Views: 0.0ms | ActiveRecord: 0.1ms)


Started GET "/users/login" for 127.0.0.1 at 2014-03-30 14:48:40 -0400
Processing by UsersController#login as HTML
  Parameters: {"login"=>"Hi", "password"=>"[FILTERED]"}
  [1m[35mUser Load (0.1ms)[0m  SELECT "users".* FROM "users" WHERE "users"."login" = 'Hi' AND "users"."password" = 'There' ORDER BY "users"."id" ASC LIMIT 1
Completed 200 OK in 1ms (Views: 0.1ms | ActiveRecord: 0.1ms)


Started GET "/users/login" for 127.0.0.1 at 2014-03-30 14:48:58 -0400
Processing by UsersController#login as HTML
  Parameters: {"login"=>"Hi", "password"=>"[FILTERED]"}
  [1m[36mUser Load (0.1ms)[0m  [1mSELECT "users".* FROM "users" WHERE "users"."login" = 'Hi' AND "users"."password" = 'There' ORDER BY "users"."id" ASC LIMIT 1[0m
Completed 200 OK in 1ms (Views: 0.0ms | ActiveRecord: 0.1ms)


Started GET "/users/login" for 127.0.0.1 at 2014-03-30 14:49:01 -0400
Processing by UsersController#login as HTML
  Parameters: {"login"=>"Hi", "password"=>"[FILTERED]"}
  [1m[35mUser Load (0.1ms)[0m  SELECT "users".* FROM "users" WHERE "users"."login" = 'Hi' AND "users"."password" = 'There' ORDER BY "users"."id" ASC LIMIT 1
Completed 200 OK in 1ms (Views: 0.0ms | ActiveRecord: 0.1ms)


Started GET "/" for 127.0.0.1 at 2014-04-01 09:58:15 -0400
Processing by Rails::WelcomeController#index as HTML
  Rendered /Users/josh/.rvm/gems/ruby-2.0.0-p451/gems/railties-4.0.2/lib/rails/templates/rails/welcome/index.html.erb (2.2ms)
Completed 200 OK in 13ms (Views: 11.8ms | ActiveRecord: 0.0ms)
Exiting
